Mathematica 10.0 for Linux x86 (64-bit)
Copyright 1988-2014 Wolfram Research, Inc.

In[1]:= 
In[2]:= In[2]:= 
In[3]:= 
In[4]:= 
In[5]:= 
In[6]:= 
In[7]:= 
In[8]:= 
In[9]:= In[9]:= 
In[10]:= 
In[11]:= In[11]:= 
In[12]:= 
In[13]:= 
In[14]:= 
In[15]:= 
In[16]:= 
In[17]:= 
In[18]:= 
In[19]:= In[19]:= 
In[20]:= 
In[21]:= 
In[22]:= 
In[23]:= 
In[24]:= In[24]:= 
In[25]:= In[25]:= In[25]:= In[25]:= 
In[26]:= 
In[27]:= 
In[28]:= 
In[29]:= 
In[30]:= 
In[31]:= 
In[32]:= J=0

In[33]:= Launching kernels...

In[34]:= 
In[35]:= J=1
kappa=-2
J=1
kappa=-1
J=2
kappa=-3
J=2
kappa=-2
From KernelObject[4, local]:
NIntegrate::slwcon: 
   Numerical integration converging too slowly; suspect one of the following:
    singularity, value of the integration is 0, highly oscillatory integrand,
    or WorkingPrecision too small.
From KernelObject[3, local]:
NIntegrate::slwcon: 
   Numerical integration converging too slowly; suspect one of the following:
    singularity, value of the integration is 0, highly oscillatory integrand,
    or WorkingPrecision too small.
J=3
kappa=-4
